<?xml version="1.0" encoding="UTF-8"?>
<!-- Generated by org.testng.reporters.JUnitReportReporter -->
<testsuite skipped="0" hostname="admin-PC" name="SampleJava.TestNg1" tests="2" failures="0" timestamp="11 Jul 2017 15:24:09 GMT" time="0.109" errors="0">
  <testcase name="f" time="0.015" classname="SampleJava.TestNg1"/>
  <testcase name="login_data" time="0.094" classname="SampleJava.TestNg1"/>
</testsuite> <!-- SampleJava.TestNg1 -->
